2026-03-01 15:53:42,113 [server.main] INFO: Starting server — initializing services...
2026-03-01 15:53:42,113 [server.services.db] INFO: Opening database connection to chat_voice.db
2026-03-01 15:53:42,118 [server.services.db] INFO: Database initialized at chat_voice.db
2026-03-01 15:53:42,118 [server.services.stt] INFO: STT initialized with model path: /Users/jeff/mlx_models/distil-large-v3
2026-03-01 15:53:43,353 [httpx] INFO: HTTP Request: GET https://huggingface.co/api/models/mlx-community/Kokoro-82M-4bit/revision/main "HTTP/1.1 200 OK"
2026-03-01 15:53:43,477 [httpx] INFO: HTTP Request: HEAD https://huggingface.co/mlx-community/Kokoro-82M-4bit/resolve/e4468a460f6f70b9125a003e0adb1ab7d4904bbd/config.json "HTTP/1.1 307 Temporary Redirect"
2026-03-01 15:53:43,531 [httpx] INFO: HTTP Request: HEAD https://huggingface.co/mlx-community/Kokoro-82M-4bit/resolve/e4468a460f6f70b9125a003e0adb1ab7d4904bbd/kokoro-v1_0.safetensors "HTTP/1.1 302 Found"
2026-03-01 15:53:43,536 [httpx] INFO: HTTP Request: HEAD https://huggingface.co/mlx-community/Kokoro-82M-4bit/resolve/e4468a460f6f70b9125a003e0adb1ab7d4904bbd/samples/af_heart_1.wav "HTTP/1.1 302 Found"
2026-03-01 15:53:43,536 [httpx] INFO: HTTP Request: HEAD https://huggingface.co/mlx-community/Kokoro-82M-4bit/resolve/e4468a460f6f70b9125a003e0adb1ab7d4904bbd/samples/HEARME.wav "HTTP/1.1 302 Found"
2026-03-01 15:53:43,540 [httpx] INFO: HTTP Request: HEAD https://huggingface.co/mlx-community/Kokoro-82M-4bit/resolve/e4468a460f6f70b9125a003e0adb1ab7d4904bbd/kokoro-v1_0.pth "HTTP/1.1 302 Found"
2026-03-01 15:53:43,545 [httpx] INFO: HTTP Request: HEAD https://huggingface.co/mlx-community/Kokoro-82M-4bit/resolve/e4468a460f6f70b9125a003e0adb1ab7d4904bbd/samples/af_heart_2.wav "HTTP/1.1 302 Found"
2026-03-01 15:53:43,914 [httpx] INFO: HTTP Request: HEAD https://huggingface.co/mlx-community/Kokoro-82M-4bit/resolve/e4468a460f6f70b9125a003e0adb1ab7d4904bbd/samples/af_heart_3.wav "HTTP/1.1 302 Found"
2026-03-01 15:53:43,916 [httpx] INFO: HTTP Request: HEAD https://huggingface.co/mlx-community/Kokoro-82M-4bit/resolve/e4468a460f6f70b9125a003e0adb1ab7d4904bbd/samples/af_heart_0.wav "HTTP/1.1 302 Found"
2026-03-01 15:53:43,918 [httpx] INFO: HTTP Request: HEAD https://huggingface.co/api/resolve-cache/models/mlx-community/Kokoro-82M-4bit/e4468a460f6f70b9125a003e0adb1ab7d4904bbd/config.json "HTTP/1.1 200 OK"
2026-03-01 15:53:44,027 [httpx] INFO: HTTP Request: GET https://huggingface.co/api/models/mlx-community/Kokoro-82M-4bit/xet-read-token/e4468a460f6f70b9125a003e0adb1ab7d4904bbd "HTTP/1.1 200 OK"
2026-03-01 15:53:44,033 [httpx] INFO: HTTP Request: GET https://huggingface.co/api/models/mlx-community/Kokoro-82M-4bit/xet-read-token/e4468a460f6f70b9125a003e0adb1ab7d4904bbd "HTTP/1.1 200 OK"
2026-03-01 15:53:44,037 [httpx] INFO: HTTP Request: GET https://huggingface.co/api/models/mlx-community/Kokoro-82M-4bit/xet-read-token/e4468a460f6f70b9125a003e0adb1ab7d4904bbd "HTTP/1.1 200 OK"
2026-03-01 15:53:44,039 [httpx] INFO: HTTP Request: GET https://huggingface.co/api/models/mlx-community/Kokoro-82M-4bit/xet-read-token/e4468a460f6f70b9125a003e0adb1ab7d4904bbd "HTTP/1.1 200 OK"
2026-03-01 15:53:44,040 [httpx] INFO: HTTP Request: GET https://huggingface.co/api/models/mlx-community/Kokoro-82M-4bit/xet-read-token/e4468a460f6f70b9125a003e0adb1ab7d4904bbd "HTTP/1.1 200 OK"
2026-03-01 15:53:44,040 [httpx] INFO: HTTP Request: GET https://huggingface.co/api/models/mlx-community/Kokoro-82M-4bit/xet-read-token/e4468a460f6f70b9125a003e0adb1ab7d4904bbd "HTTP/1.1 200 OK"
2026-03-01 15:53:44,045 [httpx] INFO: HTTP Request: GET https://huggingface.co/api/models/mlx-community/Kokoro-82M-4bit/xet-read-token/e4468a460f6f70b9125a003e0adb1ab7d4904bbd "HTTP/1.1 200 OK"
2026-03-01 15:53:44,051 [httpx] INFO: HTTP Request: GET https://huggingface.co/api/resolve-cache/models/mlx-community/Kokoro-82M-4bit/e4468a460f6f70b9125a003e0adb1ab7d4904bbd/config.json "HTTP/1.1 200 OK"
2026-03-01 15:53:44,231 [httpx] INFO: HTTP Request: HEAD https://huggingface.co/mlx-community/Kokoro-82M-4bit/resolve/e4468a460f6f70b9125a003e0adb1ab7d4904bbd/samples/af_heart_4.wav "HTTP/1.1 302 Found"
2026-03-01 15:53:45,392 [httpx] INFO: HTTP Request: HEAD https://huggingface.co/mlx-community/Kokoro-82M-4bit/resolve/e4468a460f6f70b9125a003e0adb1ab7d4904bbd/samples/af_heart_5.wav "HTTP/1.1 302 Found"
2026-03-01 15:53:45,611 [httpx] INFO: HTTP Request: HEAD https://huggingface.co/mlx-community/Kokoro-82M-4bit/resolve/e4468a460f6f70b9125a003e0adb1ab7d4904bbd/voices/af_alloy.safetensors "HTTP/1.1 302 Found"
2026-03-01 15:53:45,873 [httpx] INFO: HTTP Request: HEAD https://huggingface.co/mlx-community/Kokoro-82M-4bit/resolve/e4468a460f6f70b9125a003e0adb1ab7d4904bbd/voices/af_bella.safetensors "HTTP/1.1 302 Found"
2026-03-01 15:53:45,876 [httpx] INFO: HTTP Request: HEAD https://huggingface.co/mlx-community/Kokoro-82M-4bit/resolve/e4468a460f6f70b9125a003e0adb1ab7d4904bbd/voices/af_aoede.safetensors "HTTP/1.1 302 Found"
2026-03-01 15:53:45,883 [httpx] INFO: HTTP Request: HEAD https://huggingface.co/mlx-community/Kokoro-82M-4bit/resolve/e4468a460f6f70b9125a003e0adb1ab7d4904bbd/voices/af_heart.safetensors "HTTP/1.1 302 Found"
2026-03-01 15:53:45,973 [httpx] INFO: HTTP Request: HEAD https://huggingface.co/mlx-community/Kokoro-82M-4bit/resolve/e4468a460f6f70b9125a003e0adb1ab7d4904bbd/voices/af_jessica.safetensors "HTTP/1.1 302 Found"
2026-03-01 15:53:46,424 [httpx] INFO: HTTP Request: HEAD https://huggingface.co/mlx-community/Kokoro-82M-4bit/resolve/e4468a460f6f70b9125a003e0adb1ab7d4904bbd/voices/af_kore.safetensors "HTTP/1.1 302 Found"
2026-03-01 15:53:46,441 [httpx] INFO: HTTP Request: HEAD https://huggingface.co/mlx-community/Kokoro-82M-4bit/resolve/e4468a460f6f70b9125a003e0adb1ab7d4904bbd/voices/af_nicole.safetensors "HTTP/1.1 302 Found"
2026-03-01 15:53:46,604 [httpx] INFO: HTTP Request: HEAD https://huggingface.co/mlx-community/Kokoro-82M-4bit/resolve/e4468a460f6f70b9125a003e0adb1ab7d4904bbd/voices/af_nova.safetensors "HTTP/1.1 302 Found"
2026-03-01 15:53:46,958 [httpx] INFO: HTTP Request: HEAD https://huggingface.co/mlx-community/Kokoro-82M-4bit/resolve/e4468a460f6f70b9125a003e0adb1ab7d4904bbd/voices/af_river.safetensors "HTTP/1.1 302 Found"
2026-03-01 15:53:47,470 [httpx] INFO: HTTP Request: HEAD https://huggingface.co/mlx-community/Kokoro-82M-4bit/resolve/e4468a460f6f70b9125a003e0adb1ab7d4904bbd/voices/af_sky.safetensors "HTTP/1.1 302 Found"
2026-03-01 15:53:47,471 [httpx] INFO: HTTP Request: HEAD https://huggingface.co/mlx-community/Kokoro-82M-4bit/resolve/e4468a460f6f70b9125a003e0adb1ab7d4904bbd/voices/af_sarah.safetensors "HTTP/1.1 302 Found"
2026-03-01 15:53:47,813 [httpx] INFO: HTTP Request: HEAD https://huggingface.co/mlx-community/Kokoro-82M-4bit/resolve/e4468a460f6f70b9125a003e0adb1ab7d4904bbd/voices/am_adam.safetensors "HTTP/1.1 302 Found"
2026-03-01 15:53:48,137 [httpx] INFO: HTTP Request: HEAD https://huggingface.co/mlx-community/Kokoro-82M-4bit/resolve/e4468a460f6f70b9125a003e0adb1ab7d4904bbd/voices/am_echo.safetensors "HTTP/1.1 302 Found"
2026-03-01 15:53:48,231 [httpx] INFO: HTTP Request: HEAD https://huggingface.co/mlx-community/Kokoro-82M-4bit/resolve/e4468a460f6f70b9125a003e0adb1ab7d4904bbd/voices/am_eric.safetensors "HTTP/1.1 302 Found"
2026-03-01 15:53:48,327 [httpx] INFO: HTTP Request: HEAD https://huggingface.co/mlx-community/Kokoro-82M-4bit/resolve/e4468a460f6f70b9125a003e0adb1ab7d4904bbd/voices/am_fenrir.safetensors "HTTP/1.1 302 Found"
2026-03-01 15:53:48,735 [httpx] INFO: HTTP Request: HEAD https://huggingface.co/mlx-community/Kokoro-82M-4bit/resolve/e4468a460f6f70b9125a003e0adb1ab7d4904bbd/voices/am_michael.safetensors "HTTP/1.1 302 Found"
2026-03-01 15:53:48,752 [httpx] INFO: HTTP Request: HEAD https://huggingface.co/mlx-community/Kokoro-82M-4bit/resolve/e4468a460f6f70b9125a003e0adb1ab7d4904bbd/voices/am_liam.safetensors "HTTP/1.1 302 Found"
2026-03-01 15:53:49,056 [httpx] INFO: HTTP Request: HEAD https://huggingface.co/mlx-community/Kokoro-82M-4bit/resolve/e4468a460f6f70b9125a003e0adb1ab7d4904bbd/voices/am_onyx.safetensors "HTTP/1.1 302 Found"
2026-03-01 15:53:49,173 [httpx] INFO: HTTP Request: HEAD https://huggingface.co/mlx-community/Kokoro-82M-4bit/resolve/e4468a460f6f70b9125a003e0adb1ab7d4904bbd/voices/am_puck.safetensors "HTTP/1.1 302 Found"
2026-03-01 15:53:49,500 [httpx] INFO: HTTP Request: HEAD https://huggingface.co/mlx-community/Kokoro-82M-4bit/resolve/e4468a460f6f70b9125a003e0adb1ab7d4904bbd/voices/am_santa.safetensors "HTTP/1.1 302 Found"
2026-03-01 15:53:49,507 [httpx] INFO: HTTP Request: HEAD https://huggingface.co/mlx-community/Kokoro-82M-4bit/resolve/e4468a460f6f70b9125a003e0adb1ab7d4904bbd/voices/bf_isabella.safetensors "HTTP/1.1 302 Found"
2026-03-01 15:53:49,573 [httpx] INFO: HTTP Request: HEAD https://huggingface.co/mlx-community/Kokoro-82M-4bit/resolve/e4468a460f6f70b9125a003e0adb1ab7d4904bbd/voices/bf_alice.safetensors "HTTP/1.1 302 Found"
2026-03-01 15:53:49,580 [httpx] INFO: HTTP Request: HEAD https://huggingface.co/mlx-community/Kokoro-82M-4bit/resolve/e4468a460f6f70b9125a003e0adb1ab7d4904bbd/voices/bf_emma.safetensors "HTTP/1.1 302 Found"
2026-03-01 15:53:49,667 [httpx] INFO: HTTP Request: HEAD https://huggingface.co/mlx-community/Kokoro-82M-4bit/resolve/e4468a460f6f70b9125a003e0adb1ab7d4904bbd/voices/bf_lily.safetensors "HTTP/1.1 302 Found"
2026-03-01 15:53:50,169 [httpx] INFO: HTTP Request: HEAD https://huggingface.co/mlx-community/Kokoro-82M-4bit/resolve/e4468a460f6f70b9125a003e0adb1ab7d4904bbd/voices/bm_daniel.safetensors "HTTP/1.1 302 Found"
2026-03-01 15:53:50,263 [httpx] INFO: HTTP Request: HEAD https://huggingface.co/mlx-community/Kokoro-82M-4bit/resolve/e4468a460f6f70b9125a003e0adb1ab7d4904bbd/voices/bm_fable.safetensors "HTTP/1.1 302 Found"
2026-03-01 15:53:50,270 [httpx] INFO: HTTP Request: HEAD https://huggingface.co/mlx-community/Kokoro-82M-4bit/resolve/e4468a460f6f70b9125a003e0adb1ab7d4904bbd/voices/bm_george.safetensors "HTTP/1.1 302 Found"
2026-03-01 15:53:50,552 [httpx] INFO: HTTP Request: HEAD https://huggingface.co/mlx-community/Kokoro-82M-4bit/resolve/e4468a460f6f70b9125a003e0adb1ab7d4904bbd/voices/bm_lewis.safetensors "HTTP/1.1 302 Found"
2026-03-01 15:53:51,173 [httpx] INFO: HTTP Request: HEAD https://huggingface.co/mlx-community/Kokoro-82M-4bit/resolve/e4468a460f6f70b9125a003e0adb1ab7d4904bbd/voices/em_alex.safetensors "HTTP/1.1 302 Found"
2026-03-01 15:53:51,346 [httpx] INFO: HTTP Request: HEAD https://huggingface.co/mlx-community/Kokoro-82M-4bit/resolve/e4468a460f6f70b9125a003e0adb1ab7d4904bbd/voices/em_santa.safetensors "HTTP/1.1 302 Found"
2026-03-01 15:53:51,470 [httpx] INFO: HTTP Request: HEAD https://huggingface.co/mlx-community/Kokoro-82M-4bit/resolve/e4468a460f6f70b9125a003e0adb1ab7d4904bbd/voices/ff_siwis.safetensors "HTTP/1.1 302 Found"
2026-03-01 15:53:51,577 [httpx] INFO: HTTP Request: HEAD https://huggingface.co/mlx-community/Kokoro-82M-4bit/resolve/e4468a460f6f70b9125a003e0adb1ab7d4904bbd/voices/ef_dora.safetensors "HTTP/1.1 302 Found"
2026-03-01 15:53:51,912 [httpx] INFO: HTTP Request: HEAD https://huggingface.co/mlx-community/Kokoro-82M-4bit/resolve/e4468a460f6f70b9125a003e0adb1ab7d4904bbd/voices/hf_beta.safetensors "HTTP/1.1 302 Found"
2026-03-01 15:53:51,914 [httpx] INFO: HTTP Request: HEAD https://huggingface.co/mlx-community/Kokoro-82M-4bit/resolve/e4468a460f6f70b9125a003e0adb1ab7d4904bbd/voices/hf_alpha.safetensors "HTTP/1.1 302 Found"
2026-03-01 15:53:51,994 [httpx] INFO: HTTP Request: HEAD https://huggingface.co/mlx-community/Kokoro-82M-4bit/resolve/e4468a460f6f70b9125a003e0adb1ab7d4904bbd/voices/hm_omega.safetensors "HTTP/1.1 302 Found"
2026-03-01 15:53:52,112 [httpx] INFO: HTTP Request: HEAD https://huggingface.co/mlx-community/Kokoro-82M-4bit/resolve/e4468a460f6f70b9125a003e0adb1ab7d4904bbd/voices/if_sara.safetensors "HTTP/1.1 302 Found"
2026-03-01 15:53:52,113 [httpx] INFO: HTTP Request: HEAD https://huggingface.co/mlx-community/Kokoro-82M-4bit/resolve/e4468a460f6f70b9125a003e0adb1ab7d4904bbd/voices/im_nicola.safetensors "HTTP/1.1 302 Found"
2026-03-01 15:53:52,136 [httpx] INFO: HTTP Request: HEAD https://huggingface.co/mlx-community/Kokoro-82M-4bit/resolve/e4468a460f6f70b9125a003e0adb1ab7d4904bbd/voices/hm_psi.safetensors "HTTP/1.1 302 Found"
2026-03-01 15:53:52,444 [httpx] INFO: HTTP Request: HEAD https://huggingface.co/mlx-community/Kokoro-82M-4bit/resolve/e4468a460f6f70b9125a003e0adb1ab7d4904bbd/voices/jf_alpha.safetensors "HTTP/1.1 302 Found"
2026-03-01 15:53:52,683 [httpx] INFO: HTTP Request: HEAD https://huggingface.co/mlx-community/Kokoro-82M-4bit/resolve/e4468a460f6f70b9125a003e0adb1ab7d4904bbd/voices/jf_gongitsune.safetensors "HTTP/1.1 302 Found"
2026-03-01 15:53:52,784 [httpx] INFO: HTTP Request: HEAD https://huggingface.co/mlx-community/Kokoro-82M-4bit/resolve/e4468a460f6f70b9125a003e0adb1ab7d4904bbd/voices/jm_kumo.safetensors "HTTP/1.1 302 Found"
2026-03-01 15:53:52,785 [httpx] INFO: HTTP Request: HEAD https://huggingface.co/mlx-community/Kokoro-82M-4bit/resolve/e4468a460f6f70b9125a003e0adb1ab7d4904bbd/voices/jf_nezumi.safetensors "HTTP/1.1 302 Found"
2026-03-01 15:53:52,787 [httpx] INFO: HTTP Request: HEAD https://huggingface.co/mlx-community/Kokoro-82M-4bit/resolve/e4468a460f6f70b9125a003e0adb1ab7d4904bbd/voices/jf_tebukuro.safetensors "HTTP/1.1 302 Found"
2026-03-01 15:53:53,252 [httpx] INFO: HTTP Request: HEAD https://huggingface.co/mlx-community/Kokoro-82M-4bit/resolve/e4468a460f6f70b9125a003e0adb1ab7d4904bbd/voices/pf_dora.safetensors "HTTP/1.1 302 Found"
2026-03-01 15:53:53,255 [httpx] INFO: HTTP Request: HEAD https://huggingface.co/mlx-community/Kokoro-82M-4bit/resolve/e4468a460f6f70b9125a003e0adb1ab7d4904bbd/voices/pm_alex.safetensors "HTTP/1.1 302 Found"
2026-03-01 15:53:53,260 [httpx] INFO: HTTP Request: HEAD https://huggingface.co/mlx-community/Kokoro-82M-4bit/resolve/e4468a460f6f70b9125a003e0adb1ab7d4904bbd/voices/pm_santa.safetensors "HTTP/1.1 302 Found"
2026-03-01 15:53:53,317 [httpx] INFO: HTTP Request: HEAD https://huggingface.co/mlx-community/Kokoro-82M-4bit/resolve/e4468a460f6f70b9125a003e0adb1ab7d4904bbd/voices/zf_xiaobei.safetensors "HTTP/1.1 302 Found"
2026-03-01 15:53:53,369 [httpx] INFO: HTTP Request: HEAD https://huggingface.co/mlx-community/Kokoro-82M-4bit/resolve/e4468a460f6f70b9125a003e0adb1ab7d4904bbd/voices/zf_xiaoni.safetensors "HTTP/1.1 302 Found"
2026-03-01 15:53:53,777 [httpx] INFO: HTTP Request: HEAD https://huggingface.co/mlx-community/Kokoro-82M-4bit/resolve/e4468a460f6f70b9125a003e0adb1ab7d4904bbd/voices/zf_xiaoxiao.safetensors "HTTP/1.1 302 Found"
2026-03-01 15:53:53,786 [httpx] INFO: HTTP Request: HEAD https://huggingface.co/mlx-community/Kokoro-82M-4bit/resolve/e4468a460f6f70b9125a003e0adb1ab7d4904bbd/voices/zm_yunjian.safetensors "HTTP/1.1 302 Found"
2026-03-01 15:53:53,789 [httpx] INFO: HTTP Request: HEAD https://huggingface.co/mlx-community/Kokoro-82M-4bit/resolve/e4468a460f6f70b9125a003e0adb1ab7d4904bbd/voices/zf_xiaoyi.safetensors "HTTP/1.1 302 Found"
2026-03-01 15:53:53,849 [httpx] INFO: HTTP Request: HEAD https://huggingface.co/mlx-community/Kokoro-82M-4bit/resolve/e4468a460f6f70b9125a003e0adb1ab7d4904bbd/voices/zm_yunxi.safetensors "HTTP/1.1 302 Found"
2026-03-01 15:53:53,992 [httpx] INFO: HTTP Request: HEAD https://huggingface.co/mlx-community/Kokoro-82M-4bit/resolve/e4468a460f6f70b9125a003e0adb1ab7d4904bbd/voices/zm_yunxia.safetensors "HTTP/1.1 302 Found"
2026-03-01 15:53:54,308 [httpx] INFO: HTTP Request: HEAD https://huggingface.co/mlx-community/Kokoro-82M-4bit/resolve/e4468a460f6f70b9125a003e0adb1ab7d4904bbd/voices/zm_yunyang.safetensors "HTTP/1.1 302 Found"
2026-03-01 16:06:13,213 [server.main] INFO: Starting server — initializing services...
2026-03-01 16:06:13,213 [server.services.db] INFO: Opening database connection to chat_voice.db
2026-03-01 16:06:13,214 [server.services.db] INFO: Database initialized at chat_voice.db
2026-03-01 16:06:13,214 [server.services.stt] INFO: STT initialized with model path: /Users/jeff/mlx_models/distil-large-v3
2026-03-01 16:06:13,619 [httpx] INFO: HTTP Request: GET https://huggingface.co/api/models/mlx-community/Kokoro-82M-4bit/revision/main "HTTP/1.1 200 OK"
2026-03-01 16:07:42,132 [server.main] INFO: Starting server — initializing services...
2026-03-01 16:07:42,133 [server.services.db] INFO: Opening database connection to chat_voice.db
2026-03-01 16:07:42,133 [server.services.db] INFO: Database initialized at chat_voice.db
2026-03-01 16:07:42,133 [server.services.stt] INFO: STT initialized with model path: /Users/jeff/mlx_models/distil-large-v3
2026-03-01 16:07:42,575 [httpx] INFO: HTTP Request: GET https://huggingface.co/api/models/mlx-community/Kokoro-82M-4bit/revision/main "HTTP/1.1 200 OK"
2026-03-01 16:08:38,231 [server.main] INFO: Starting server — initializing services...
2026-03-01 16:08:38,231 [server.services.db] INFO: Opening database connection to chat_voice.db
2026-03-01 16:08:38,231 [server.services.db] INFO: Database initialized at chat_voice.db
2026-03-01 16:08:38,231 [server.services.stt] INFO: STT initialized with model path: /Users/jeff/mlx_models/distil-large-v3
2026-03-01 16:08:38,668 [httpx] INFO: HTTP Request: GET https://huggingface.co/api/models/mlx-community/Kokoro-82M-4bit/revision/main "HTTP/1.1 200 OK"
